<?xml version="1.0" encoding="UTF-8"?>
<!-- Generated by org.testng.reporters.JUnitReportReporter -->
<testsuite hostname="ESLLAP-3765" failures="0" tests="9" name="TestRunner.CucumberRunner" time="48.013" errors="0" timestamp="2025-01-20T11:08:38 IST" skipped="0">
  <testcase classname="TestRunner.CucumberRunner" name="runScenario" time="4.907"/>
  <testcase classname="TestRunner.CucumberRunner" name="runScenario" time="3.866"/>
  <testcase classname="TestRunner.CucumberRunner" name="runScenario" time="7.253"/>
  <testcase classname="TestRunner.CucumberRunner" name="runScenario" time="4.206"/>
  <testcase classname="TestRunner.CucumberRunner" name="runScenario" time="11.025"/>
  <testcase classname="TestRunner.CucumberRunner" name="runScenario" time="3.974"/>
  <testcase classname="TestRunner.CucumberRunner" name="runScenario" time="4.688"/>
  <testcase classname="TestRunner.CucumberRunner" name="runScenario" time="4.321"/>
  <testcase classname="TestRunner.CucumberRunner" name="runScenario" time="3.773"/>
</testsuite> <!-- TestRunner.CucumberRunner -->
