<?xml version="1.0" encoding="UTF-8"?>
<!-- Generated by org.testng.reporters.JUnitReportReporter -->
<testsuite hostname="ESLLAP-3765" failures="0" tests="1" name="TestRunner.CucumberRunner" time="4.596" errors="0" timestamp="2025-01-17T18:27:22 IST" skipped="0">
  <testcase classname="TestRunner.CucumberRunner" name="runScenario" time="4.596"/>
</testsuite> <!-- TestRunner.CucumberRunner -->
