<?xml version="1.0" encoding="UTF-8"?>
<!-- Generated by org.testng.reporters.JUnitReportReporter -->
<testsuite hostname="ESLLAP-3765" failures="0" tests="9" name="TestRunner.CucumberRunner" time="36.811" errors="0" timestamp="2025-01-17T18:11:02 IST" skipped="0">
  <testcase classname="TestRunner.CucumberRunner" name="runScenario" time="3.232"/>
  <testcase classname="TestRunner.CucumberRunner" name="runScenario" time="4.920"/>
  <testcase classname="TestRunner.CucumberRunner" name="runScenario" time="4.325"/>
  <testcase classname="TestRunner.CucumberRunner" name="runScenario" time="3.313"/>
  <testcase classname="TestRunner.CucumberRunner" name="runScenario" time="3.581"/>
  <testcase classname="TestRunner.CucumberRunner" name="runScenario" time="3.378"/>
  <testcase classname="TestRunner.CucumberRunner" name="runScenario" time="4.690"/>
  <testcase classname="TestRunner.CucumberRunner" name="runScenario" time="5.316"/>
  <testcase classname="TestRunner.CucumberRunner" name="runScenario" time="4.056"/>
</testsuite> <!-- TestRunner.CucumberRunner -->
